2022-05-28 01:58:12.169 [main] INFO  com.msb.system.TrafficSystemApplication - Starting TrafficSystemApplication on song with PID 38736 (D:\星城货运\traffic-master\traffic-system\target\classes started by o水歌儿 in D:\星城货运\traffic-master)
2022-05-28 01:58:12.171 [main] INFO  com.msb.system.TrafficSystemApplication - The following profiles are active: dev
2022-05-28 01:58:12.664 [main] INFO  o.s.d.r.config.RepositoryConfigurationDelegate - Bootstrapping Spring Data JPA repositories in DEFAULT mode.
2022-05-28 01:58:12.712 [main] INFO  o.s.d.r.config.RepositoryConfigurationDelegate - Finished Spring Data repository scanning in 40ms. Found 1 JPA repository interfaces.
2022-05-28 01:58:13.062 [main] INFO  o.s.boot.web.embedded.tomcat.TomcatWebServer - Tomcat initialized with port(s): 8080 (http)
2022-05-28 01:58:13.069 [main] INFO  org.apache.coyote.http11.Http11NioProtocol - Initializing ProtocolHandler ["http-nio-8080"]
2022-05-28 01:58:13.069 [main] INFO  org.apache.catalina.core.StandardService - Starting service [Tomcat]
2022-05-28 01:58:13.070 [main] INFO  org.apache.catalina.core.StandardEngine - Starting Servlet engine: [Apache Tomcat/9.0.41]
2022-05-28 01:58:13.166 [main] INFO  o.a.c.core.ContainerBase.[Tomcat].[localhost].[/] - Initializing Spring embedded WebApplicationContext
2022-05-28 01:58:13.166 [main] INFO  o.s.b.w.s.c.ServletWebServerApplicationContext - Root WebApplicationContext: initialization completed in 955 ms
2022-05-28 01:58:13.295 [main] INFO  com.zaxxer.hikari.HikariDataSource - HikariPool-1 - Starting...
2022-05-28 01:58:13.947 [main] INFO  com.zaxxer.hikari.HikariDataSource - HikariPool-1 - Start completed.
2022-05-28 01:58:13.978 [main] INFO  org.hibernate.jpa.internal.util.LogHelper - HHH000204: Processing PersistenceUnitInfo [name: default]
2022-05-28 01:58:14.009 [main] INFO  org.hibernate.Version - HHH000412: Hibernate ORM core version 5.4.25.Final
2022-05-28 01:58:14.096 [main] INFO  org.hibernate.annotations.common.Version - HCANN000001: Hibernate Commons Annotations {5.1.2.Final}
2022-05-28 01:58:14.179 [main] INFO  org.hibernate.dialect.Dialect - HHH000400: Using dialect: org.hibernate.dialect.MySQL57Dialect
2022-05-28 01:58:14.557 [main] INFO  o.h.e.t.jta.platform.internal.JtaPlatformInitiator - HHH000490: Using JtaPlatform implementation: [org.hibernate.engine.transaction.jta.platform.internal.NoJtaPlatform]
2022-05-28 01:58:14.566 [main] INFO  o.s.orm.jpa.LocalContainerEntityManagerFactoryBean - Initialized JPA EntityManagerFactory for persistence unit 'default'
2022-05-28 01:58:14.771 [main] WARN  o.s.b.a.o.j.JpaBaseConfiguration$JpaWebConfiguration - spring.jpa.open-in-view is enabled by default. Therefore, database queries may be performed during view rendering. Explicitly configure spring.jpa.open-in-view to disable this warning
2022-05-28 01:58:14.858 [main] INFO  o.s.scheduling.concurrent.ThreadPoolTaskExecutor - Initializing ExecutorService 'applicationTaskExecutor'
2022-05-28 01:58:14.998 [main] INFO  org.apache.coyote.http11.Http11NioProtocol - Starting ProtocolHandler ["http-nio-8080"]
2022-05-28 01:58:15.016 [main] INFO  o.s.boot.web.embedded.tomcat.TomcatWebServer - Tomcat started on port(s): 8080 (http) with context path ''
2022-05-28 01:58:15.023 [main] INFO  com.msb.system.TrafficSystemApplication - Started TrafficSystemApplication in 3.31 seconds (JVM running for 4.314)
2022-05-28 01:58:40.106 [http-nio-8080-exec-1] INFO  o.a.c.core.ContainerBase.[Tomcat].[localhost].[/] - Initializing Spring DispatcherServlet 'dispatcherServlet'
2022-05-28 01:58:40.106 [http-nio-8080-exec-1] INFO  org.springframework.web.servlet.DispatcherServlet - Initializing Servlet 'dispatcherServlet'
2022-05-28 01:58:40.111 [http-nio-8080-exec-1] INFO  org.springframework.web.servlet.DispatcherServlet - Completed initialization in 4 ms
2022-05-28 01:58:40.125 [http-nio-8080-exec-1] WARN  o.s.w.s.m.support.DefaultHandlerExceptionResolver - Resolved [org.springframework.web.HttpRequestMethodNotSupportedException: Request method 'GET' not supported]
2022-05-28 01:59:12.833 [http-nio-8080-exec-2] INFO  com.msb.system.web.UserController - system user addUser start 
2022-05-28 01:59:12.835 [http-nio-8080-exec-2] INFO  com.msb.system.service.impl.UserServiceImpl - system user Service addUser start
2022-05-28 01:59:12.906 [http-nio-8080-exec-2] INFO  com.msb.system.service.impl.UserServiceImpl - system user service addUser success
2022-05-28 01:59:12.907 [http-nio-8080-exec-2] INFO  com.msb.system.web.UserController - system user addUser end, return : com.msb.api.commons.ResponseResult@17bef490
2022-05-28 02:00:23.815 [http-nio-8080-exec-3] INFO  com.msb.system.web.UserController - system user addUser start 
2022-05-28 02:00:23.815 [http-nio-8080-exec-3] INFO  com.msb.system.service.impl.UserServiceImpl - system user Service addUser start
2022-05-28 02:00:23.821 [http-nio-8080-exec-3] INFO  com.msb.system.service.impl.UserServiceImpl - system user service addUser success
2022-05-28 02:00:23.822 [http-nio-8080-exec-3] INFO  com.msb.system.web.UserController - system user addUser end, return : com.msb.api.commons.ResponseResult@775b33b2
2022-05-28 02:01:11.593 [SpringContextShutdownHook] INFO  o.s.scheduling.concurrent.ThreadPoolTaskExecutor - Shutting down ExecutorService 'applicationTaskExecutor'
2022-05-28 02:01:11.593 [SpringContextShutdownHook] INFO  o.s.orm.jpa.LocalContainerEntityManagerFactoryBean - Closing JPA EntityManagerFactory for persistence unit 'default'
2022-05-28 02:01:11.596 [SpringContextShutdownHook] INFO  com.zaxxer.hikari.HikariDataSource - HikariPool-1 - Shutdown initiated...
2022-05-28 02:01:11.606 [SpringContextShutdownHook] INFO  com.zaxxer.hikari.HikariDataSource - HikariPool-1 - Shutdown completed.
2022-05-28 12:24:13.005 [main] INFO  com.msb.system.TrafficSystemApplication - Starting TrafficSystemApplication on song with PID 15192 (D:\星城货运\traffic-master\traffic-system\target\classes started by o水歌儿 in D:\星城货运\traffic-master)
2022-05-28 12:24:13.007 [main] INFO  com.msb.system.TrafficSystemApplication - The following profiles are active: dev
2022-05-28 12:24:13.535 [main] INFO  o.s.d.r.config.RepositoryConfigurationDelegate - Bootstrapping Spring Data JPA repositories in DEFAULT mode.
2022-05-28 12:24:13.594 [main] INFO  o.s.d.r.config.RepositoryConfigurationDelegate - Finished Spring Data repository scanning in 47ms. Found 1 JPA repository interfaces.
2022-05-28 12:24:14.062 [main] INFO  o.s.boot.web.embedded.tomcat.TomcatWebServer - Tomcat initialized with port(s): 8080 (http)
2022-05-28 12:24:14.071 [main] INFO  org.apache.coyote.http11.Http11NioProtocol - Initializing ProtocolHandler ["http-nio-8080"]
2022-05-28 12:24:14.072 [main] INFO  org.apache.catalina.core.StandardService - Starting service [Tomcat]
2022-05-28 12:24:14.072 [main] INFO  org.apache.catalina.core.StandardEngine - Starting Servlet engine: [Apache Tomcat/9.0.41]
2022-05-28 12:24:14.191 [main] INFO  o.a.c.core.ContainerBase.[Tomcat].[localhost].[/] - Initializing Spring embedded WebApplicationContext
2022-05-28 12:24:14.191 [main] INFO  o.s.b.w.s.c.ServletWebServerApplicationContext - Root WebApplicationContext: initialization completed in 1141 ms
2022-05-28 12:24:14.339 [main] INFO  com.zaxxer.hikari.HikariDataSource - HikariPool-1 - Starting...
2022-05-28 12:24:15.110 [main] INFO  com.zaxxer.hikari.HikariDataSource - HikariPool-1 - Start completed.
2022-05-28 12:24:15.146 [main] INFO  org.hibernate.jpa.internal.util.LogHelper - HHH000204: Processing PersistenceUnitInfo [name: default]
2022-05-28 12:24:15.190 [main] INFO  org.hibernate.Version - HHH000412: Hibernate ORM core version 5.4.25.Final
2022-05-28 12:24:15.334 [main] INFO  org.hibernate.annotations.common.Version - HCANN000001: Hibernate Commons Annotations {5.1.2.Final}
2022-05-28 12:24:15.446 [main] INFO  org.hibernate.dialect.Dialect - HHH000400: Using dialect: org.hibernate.dialect.MySQL57Dialect
2022-05-28 12:24:15.892 [main] INFO  o.h.e.t.jta.platform.internal.JtaPlatformInitiator - HHH000490: Using JtaPlatform implementation: [org.hibernate.engine.transaction.jta.platform.internal.NoJtaPlatform]
2022-05-28 12:24:15.900 [main] INFO  o.s.orm.jpa.LocalContainerEntityManagerFactoryBean - Initialized JPA EntityManagerFactory for persistence unit 'default'
2022-05-28 12:24:16.210 [main] WARN  o.s.b.a.o.j.JpaBaseConfiguration$JpaWebConfiguration - spring.jpa.open-in-view is enabled by default. Therefore, database queries may be performed during view rendering. Explicitly configure spring.jpa.open-in-view to disable this warning
2022-05-28 12:24:16.304 [main] INFO  o.s.scheduling.concurrent.ThreadPoolTaskExecutor - Initializing ExecutorService 'applicationTaskExecutor'
2022-05-28 12:24:16.475 [main] INFO  org.apache.coyote.http11.Http11NioProtocol - Starting ProtocolHandler ["http-nio-8080"]
2022-05-28 12:24:16.492 [main] INFO  o.s.boot.web.embedded.tomcat.TomcatWebServer - Tomcat started on port(s): 8080 (http) with context path ''
2022-05-28 12:24:16.499 [main] INFO  com.msb.system.TrafficSystemApplication - Started TrafficSystemApplication in 4.005 seconds (JVM running for 5.038)
2022-05-28 12:26:29.645 [http-nio-8080-exec-1] INFO  o.a.c.core.ContainerBase.[Tomcat].[localhost].[/] - Initializing Spring DispatcherServlet 'dispatcherServlet'
2022-05-28 12:26:29.646 [http-nio-8080-exec-1] INFO  org.springframework.web.servlet.DispatcherServlet - Initializing Servlet 'dispatcherServlet'
2022-05-28 12:26:29.652 [http-nio-8080-exec-1] INFO  org.springframework.web.servlet.DispatcherServlet - Completed initialization in 6 ms
2022-05-28 12:26:29.686 [http-nio-8080-exec-1] INFO  com.msb.system.web.UserController - system user delUser start...
2022-05-28 12:26:29.686 [http-nio-8080-exec-1] INFO  com.msb.system.web.UserController - system user delUser serviceImpl start...
2022-05-28 12:26:29.793 [http-nio-8080-exec-1] INFO  com.msb.system.web.UserController - system user delUser UserService end: true
2022-05-28 12:26:29.793 [http-nio-8080-exec-1] INFO  com.msb.system.web.UserController - system user delUser success
2022-05-28 12:26:29.793 [http-nio-8080-exec-1] INFO  com.msb.system.web.UserController - system user delUser end...
2022-05-28 12:27:03.031 [http-nio-8080-exec-2] INFO  com.msb.system.web.UserController - system user delUser start...
2022-05-28 12:27:03.031 [http-nio-8080-exec-2] INFO  com.msb.system.web.UserController - system user delUser serviceImpl start...
2022-05-28 12:27:03.039 [http-nio-8080-exec-2] INFO  com.msb.system.web.UserController - system user delUser UserService end: true
2022-05-28 12:27:03.039 [http-nio-8080-exec-2] INFO  com.msb.system.web.UserController - system user delUser success
2022-05-28 12:27:03.039 [http-nio-8080-exec-2] INFO  com.msb.system.web.UserController - system user delUser end...
2022-05-28 12:27:54.325 [SpringContextShutdownHook] INFO  o.s.scheduling.concurrent.ThreadPoolTaskExecutor - Shutting down ExecutorService 'applicationTaskExecutor'
2022-05-28 12:27:54.325 [SpringContextShutdownHook] INFO  o.s.orm.jpa.LocalContainerEntityManagerFactoryBean - Closing JPA EntityManagerFactory for persistence unit 'default'
2022-05-28 12:27:54.327 [SpringContextShutdownHook] INFO  com.zaxxer.hikari.HikariDataSource - HikariPool-1 - Shutdown initiated...
2022-05-28 12:27:54.332 [SpringContextShutdownHook] INFO  com.zaxxer.hikari.HikariDataSource - HikariPool-1 - Shutdown completed.
2022-05-28 12:38:13.045 [main] INFO  com.msb.system.TrafficSystemApplication - Starting TrafficSystemApplication on song with PID 22768 (D:\星城货运\traffic-master\traffic-system\target\classes started by o水歌儿 in D:\星城货运\traffic-master)
2022-05-28 12:38:13.048 [main] INFO  com.msb.system.TrafficSystemApplication - The following profiles are active: dev
2022-05-28 12:38:13.486 [main] INFO  o.s.d.r.config.RepositoryConfigurationDelegate - Bootstrapping Spring Data JPA repositories in DEFAULT mode.
2022-05-28 12:38:13.533 [main] INFO  o.s.d.r.config.RepositoryConfigurationDelegate - Finished Spring Data repository scanning in 39ms. Found 1 JPA repository interfaces.
2022-05-28 12:38:13.899 [main] INFO  o.s.boot.web.embedded.tomcat.TomcatWebServer - Tomcat initialized with port(s): 8080 (http)
2022-05-28 12:38:13.905 [main] INFO  org.apache.coyote.http11.Http11NioProtocol - Initializing ProtocolHandler ["http-nio-8080"]
2022-05-28 12:38:13.906 [main] INFO  org.apache.catalina.core.StandardService - Starting service [Tomcat]
2022-05-28 12:38:13.906 [main] INFO  org.apache.catalina.core.StandardEngine - Starting Servlet engine: [Apache Tomcat/9.0.41]
2022-05-28 12:38:14.001 [main] INFO  o.a.c.core.ContainerBase.[Tomcat].[localhost].[/] - Initializing Spring embedded WebApplicationContext
2022-05-28 12:38:14.001 [main] INFO  o.s.b.w.s.c.ServletWebServerApplicationContext - Root WebApplicationContext: initialization completed in 920 ms
2022-05-28 12:38:14.122 [main] INFO  com.zaxxer.hikari.HikariDataSource - HikariPool-1 - Starting...
2022-05-28 12:38:14.955 [main] INFO  com.zaxxer.hikari.HikariDataSource - HikariPool-1 - Start completed.
2022-05-28 12:38:14.991 [main] INFO  org.hibernate.jpa.internal.util.LogHelper - HHH000204: Processing PersistenceUnitInfo [name: default]
2022-05-28 12:38:15.026 [main] INFO  org.hibernate.Version - HHH000412: Hibernate ORM core version 5.4.25.Final
2022-05-28 12:38:15.130 [main] INFO  org.hibernate.annotations.common.Version - HCANN000001: Hibernate Commons Annotations {5.1.2.Final}
2022-05-28 12:38:15.235 [main] INFO  org.hibernate.dialect.Dialect - HHH000400: Using dialect: org.hibernate.dialect.MySQL57Dialect
2022-05-28 12:38:15.615 [main] INFO  o.h.e.t.jta.platform.internal.JtaPlatformInitiator - HHH000490: Using JtaPlatform implementation: [org.hibernate.engine.transaction.jta.platform.internal.NoJtaPlatform]
2022-05-28 12:38:15.622 [main] INFO  o.s.orm.jpa.LocalContainerEntityManagerFactoryBean - Initialized JPA EntityManagerFactory for persistence unit 'default'
2022-05-28 12:38:15.905 [main] WARN  o.s.b.a.o.j.JpaBaseConfiguration$JpaWebConfiguration - spring.jpa.open-in-view is enabled by default. Therefore, database queries may be performed during view rendering. Explicitly configure spring.jpa.open-in-view to disable this warning
2022-05-28 12:38:15.996 [main] INFO  o.s.scheduling.concurrent.ThreadPoolTaskExecutor - Initializing ExecutorService 'applicationTaskExecutor'
2022-05-28 12:38:16.140 [main] INFO  org.apache.coyote.http11.Http11NioProtocol - Starting ProtocolHandler ["http-nio-8080"]
2022-05-28 12:38:16.158 [main] INFO  o.s.boot.web.embedded.tomcat.TomcatWebServer - Tomcat started on port(s): 8080 (http) with context path ''
2022-05-28 12:38:16.165 [main] INFO  com.msb.system.TrafficSystemApplication - Started TrafficSystemApplication in 3.577 seconds (JVM running for 4.509)
2022-05-28 12:39:04.282 [http-nio-8080-exec-1] INFO  o.a.c.core.ContainerBase.[Tomcat].[localhost].[/] - Initializing Spring DispatcherServlet 'dispatcherServlet'
2022-05-28 12:39:04.282 [http-nio-8080-exec-1] INFO  org.springframework.web.servlet.DispatcherServlet - Initializing Servlet 'dispatcherServlet'
2022-05-28 12:39:04.286 [http-nio-8080-exec-1] INFO  org.springframework.web.servlet.DispatcherServlet - Completed initialization in 4 ms
2022-05-28 12:39:04.320 [http-nio-8080-exec-1] INFO  com.msb.system.web.UserController - system user addUser start 
2022-05-28 12:39:04.321 [http-nio-8080-exec-1] INFO  com.msb.system.service.impl.UserServiceImpl - system user Service addUser start
2022-05-28 12:39:04.392 [http-nio-8080-exec-1] INFO  com.msb.system.service.impl.UserServiceImpl - system user service addUser success
2022-05-28 12:39:04.393 [http-nio-8080-exec-1] INFO  com.msb.system.web.UserController - system user addUser end, return : com.msb.api.commons.ResponseResult@33350b17
2022-05-28 12:39:08.737 [http-nio-8080-exec-2] INFO  com.msb.system.web.UserController - system user addUser start 
2022-05-28 12:39:08.737 [http-nio-8080-exec-2] INFO  com.msb.system.service.impl.UserServiceImpl - system user Service addUser start
2022-05-28 12:39:08.744 [http-nio-8080-exec-2] INFO  com.msb.system.service.impl.UserServiceImpl - system user service addUser success
2022-05-28 12:39:08.744 [http-nio-8080-exec-2] INFO  com.msb.system.web.UserController - system user addUser end, return : com.msb.api.commons.ResponseResult@c9be4a
2022-05-28 12:39:09.495 [http-nio-8080-exec-3] INFO  com.msb.system.web.UserController - system user addUser start 
2022-05-28 12:39:09.495 [http-nio-8080-exec-3] INFO  com.msb.system.service.impl.UserServiceImpl - system user Service addUser start
2022-05-28 12:39:09.501 [http-nio-8080-exec-3] INFO  com.msb.system.service.impl.UserServiceImpl - system user service addUser success
2022-05-28 12:39:09.501 [http-nio-8080-exec-3] INFO  com.msb.system.web.UserController - system user addUser end, return : com.msb.api.commons.ResponseResult@6de97a22
2022-05-28 12:39:10.627 [http-nio-8080-exec-4] INFO  com.msb.system.web.UserController - system user addUser start 
2022-05-28 12:39:10.628 [http-nio-8080-exec-4] INFO  com.msb.system.service.impl.UserServiceImpl - system user Service addUser start
2022-05-28 12:39:10.632 [http-nio-8080-exec-4] INFO  com.msb.system.service.impl.UserServiceImpl - system user service addUser success
2022-05-28 12:39:10.633 [http-nio-8080-exec-4] INFO  com.msb.system.web.UserController - system user addUser end, return : com.msb.api.commons.ResponseResult@2a70009f
2022-05-28 12:40:05.854 [http-nio-8080-exec-7] INFO  com.msb.system.web.UserController - system user delUser start...
2022-05-28 12:40:05.854 [http-nio-8080-exec-7] INFO  com.msb.system.web.UserController - system user delUser serviceImpl start...
2022-05-28 12:40:05.879 [http-nio-8080-exec-7] INFO  com.msb.system.web.UserController - system user delUser UserService end: true
2022-05-28 12:40:05.880 [http-nio-8080-exec-7] INFO  com.msb.system.web.UserController - system user delUser success
2022-05-28 12:40:05.880 [http-nio-8080-exec-7] INFO  com.msb.system.web.UserController - system user delUser end...
2022-05-28 12:40:39.374 [http-nio-8080-exec-6] INFO  com.msb.system.web.UserController - system user delUser start...
2022-05-28 12:40:39.374 [http-nio-8080-exec-6] INFO  com.msb.system.web.UserController - system user delUser serviceImpl start...
2022-05-28 12:40:39.378 [http-nio-8080-exec-6] INFO  com.msb.system.web.UserController - system user delUser UserService end: true
2022-05-28 12:40:39.378 [http-nio-8080-exec-6] INFO  com.msb.system.web.UserController - system user delUser success
2022-05-28 12:40:39.378 [http-nio-8080-exec-6] INFO  com.msb.system.web.UserController - system user delUser end...
2022-05-28 12:41:45.025 [http-nio-8080-exec-8] INFO  com.msb.system.web.UserController - system user addUser start 
2022-05-28 12:41:45.025 [http-nio-8080-exec-8] INFO  com.msb.system.service.impl.UserServiceImpl - system user Service addUser start
2022-05-28 12:41:45.029 [http-nio-8080-exec-8] INFO  com.msb.system.service.impl.UserServiceImpl - system user service addUser success
2022-05-28 12:41:45.029 [http-nio-8080-exec-8] INFO  com.msb.system.web.UserController - system user addUser end, return : com.msb.api.commons.ResponseResult@e168e3f
2022-05-28 12:41:45.946 [http-nio-8080-exec-9] INFO  com.msb.system.web.UserController - system user addUser start 
2022-05-28 12:41:45.946 [http-nio-8080-exec-9] INFO  com.msb.system.service.impl.UserServiceImpl - system user Service addUser start
2022-05-28 12:41:45.951 [http-nio-8080-exec-9] INFO  com.msb.system.service.impl.UserServiceImpl - system user service addUser success
2022-05-28 12:41:45.951 [http-nio-8080-exec-9] INFO  com.msb.system.web.UserController - system user addUser end, return : com.msb.api.commons.ResponseResult@5de7d0ab
2022-05-28 12:41:46.707 [http-nio-8080-exec-10] INFO  com.msb.system.web.UserController - system user addUser start 
2022-05-28 12:41:46.707 [http-nio-8080-exec-10] INFO  com.msb.system.service.impl.UserServiceImpl - system user Service addUser start
2022-05-28 12:41:46.711 [http-nio-8080-exec-10] INFO  com.msb.system.service.impl.UserServiceImpl - system user service addUser success
2022-05-28 12:41:46.711 [http-nio-8080-exec-10] INFO  com.msb.system.web.UserController - system user addUser end, return : com.msb.api.commons.ResponseResult@b1d0e6
2022-05-28 12:43:00.535 [SpringContextShutdownHook] INFO  o.s.scheduling.concurrent.ThreadPoolTaskExecutor - Shutting down ExecutorService 'applicationTaskExecutor'
2022-05-28 12:43:00.535 [SpringContextShutdownHook] INFO  o.s.orm.jpa.LocalContainerEntityManagerFactoryBean - Closing JPA EntityManagerFactory for persistence unit 'default'
2022-05-28 12:43:00.537 [SpringContextShutdownHook] INFO  com.zaxxer.hikari.HikariDataSource - HikariPool-1 - Shutdown initiated...
2022-05-28 12:43:00.542 [SpringContextShutdownHook] INFO  com.zaxxer.hikari.HikariDataSource - HikariPool-1 - Shutdown completed.
2022-05-28 12:43:04.503 [main] INFO  com.msb.system.TrafficSystemApplication - Starting TrafficSystemApplication on song with PID 22996 (D:\星城货运\traffic-master\traffic-system\target\classes started by o水歌儿 in D:\星城货运\traffic-master)
2022-05-28 12:43:04.505 [main] INFO  com.msb.system.TrafficSystemApplication - The following profiles are active: dev
2022-05-28 12:43:04.937 [main] INFO  o.s.d.r.config.RepositoryConfigurationDelegate - Bootstrapping Spring Data JPA repositories in DEFAULT mode.
2022-05-28 12:43:04.983 [main] INFO  o.s.d.r.config.RepositoryConfigurationDelegate - Finished Spring Data repository scanning in 38ms. Found 1 JPA repository interfaces.
2022-05-28 12:43:05.320 [main] INFO  o.s.boot.web.embedded.tomcat.TomcatWebServer - Tomcat initialized with port(s): 8080 (http)
2022-05-28 12:43:05.326 [main] INFO  org.apache.coyote.http11.Http11NioProtocol - Initializing ProtocolHandler ["http-nio-8080"]
2022-05-28 12:43:05.327 [main] INFO  org.apache.catalina.core.StandardService - Starting service [Tomcat]
2022-05-28 12:43:05.327 [main] INFO  org.apache.catalina.core.StandardEngine - Starting Servlet engine: [Apache Tomcat/9.0.41]
2022-05-28 12:43:05.417 [main] INFO  o.a.c.core.ContainerBase.[Tomcat].[localhost].[/] - Initializing Spring embedded WebApplicationContext
2022-05-28 12:43:05.417 [main] INFO  o.s.b.w.s.c.ServletWebServerApplicationContext - Root WebApplicationContext: initialization completed in 872 ms
2022-05-28 12:43:05.527 [main] INFO  com.zaxxer.hikari.HikariDataSource - HikariPool-1 - Starting...
2022-05-28 12:43:06.166 [main] INFO  com.zaxxer.hikari.HikariDataSource - HikariPool-1 - Start completed.
2022-05-28 12:43:06.197 [main] INFO  org.hibernate.jpa.internal.util.LogHelper - HHH000204: Processing PersistenceUnitInfo [name: default]
2022-05-28 12:43:06.227 [main] INFO  org.hibernate.Version - HHH000412: Hibernate ORM core version 5.4.25.Final
2022-05-28 12:43:06.310 [main] INFO  org.hibernate.annotations.common.Version - HCANN000001: Hibernate Commons Annotations {5.1.2.Final}
2022-05-28 12:43:06.390 [main] INFO  org.hibernate.dialect.Dialect - HHH000400: Using dialect: org.hibernate.dialect.MySQL57Dialect
2022-05-28 12:43:06.748 [main] INFO  o.h.e.t.jta.platform.internal.JtaPlatformInitiator - HHH000490: Using JtaPlatform implementation: [org.hibernate.engine.transaction.jta.platform.internal.NoJtaPlatform]
2022-05-28 12:43:06.754 [main] INFO  o.s.orm.jpa.LocalContainerEntityManagerFactoryBean - Initialized JPA EntityManagerFactory for persistence unit 'default'
2022-05-28 12:43:07.015 [main] WARN  o.s.b.a.o.j.JpaBaseConfiguration$JpaWebConfiguration - spring.jpa.open-in-view is enabled by default. Therefore, database queries may be performed during view rendering. Explicitly configure spring.jpa.open-in-view to disable this warning
2022-05-28 12:43:07.097 [main] INFO  o.s.scheduling.concurrent.ThreadPoolTaskExecutor - Initializing ExecutorService 'applicationTaskExecutor'
2022-05-28 12:43:07.239 [main] INFO  org.apache.coyote.http11.Http11NioProtocol - Starting ProtocolHandler ["http-nio-8080"]
2022-05-28 12:43:07.255 [main] INFO  o.s.boot.web.embedded.tomcat.TomcatWebServer - Tomcat started on port(s): 8080 (http) with context path ''
2022-05-28 12:43:07.262 [main] INFO  com.msb.system.TrafficSystemApplication - Started TrafficSystemApplication in 3.209 seconds (JVM running for 4.129)
2022-05-28 12:44:01.685 [http-nio-8080-exec-1] INFO  o.a.c.core.ContainerBase.[Tomcat].[localhost].[/] - Initializing Spring DispatcherServlet 'dispatcherServlet'
2022-05-28 12:44:01.686 [http-nio-8080-exec-1] INFO  org.springframework.web.servlet.DispatcherServlet - Initializing Servlet 'dispatcherServlet'
2022-05-28 12:44:01.691 [http-nio-8080-exec-1] INFO  org.springframework.web.servlet.DispatcherServlet - Completed initialization in 5 ms
2022-05-28 12:44:01.717 [http-nio-8080-exec-1] INFO  com.msb.system.web.UserController - system user delUser start...
2022-05-28 12:44:01.717 [http-nio-8080-exec-1] INFO  com.msb.system.web.UserController - system user delUser serviceImpl start...
2022-05-28 12:44:01.771 [http-nio-8080-exec-1] INFO  com.msb.system.web.UserController - system user delUser UserService end: true
2022-05-28 12:44:01.771 [http-nio-8080-exec-1] INFO  com.msb.system.web.UserController - system user delUser success
2022-05-28 12:44:01.772 [http-nio-8080-exec-1] INFO  com.msb.system.web.UserController - system user delUser end...
2022-05-28 12:44:24.931 [SpringContextShutdownHook] INFO  o.s.scheduling.concurrent.ThreadPoolTaskExecutor - Shutting down ExecutorService 'applicationTaskExecutor'
2022-05-28 12:44:24.932 [SpringContextShutdownHook] INFO  o.s.orm.jpa.LocalContainerEntityManagerFactoryBean - Closing JPA EntityManagerFactory for persistence unit 'default'
2022-05-28 12:44:24.936 [SpringContextShutdownHook] INFO  com.zaxxer.hikari.HikariDataSource - HikariPool-1 - Shutdown initiated...
2022-05-28 12:44:24.944 [SpringContextShutdownHook] INFO  com.zaxxer.hikari.HikariDataSource - HikariPool-1 - Shutdown completed.
2022-05-28 12:55:09.223 [main] INFO  com.msb.system.TrafficSystemApplication - Starting TrafficSystemApplication on song with PID 40164 (D:\星城货运\traffic-master\traffic-system\target\classes started by o水歌儿 in D:\星城货运\traffic-master)
2022-05-28 12:55:09.225 [main] INFO  com.msb.system.TrafficSystemApplication - The following profiles are active: dev
2022-05-28 12:55:09.677 [main] INFO  o.s.d.r.config.RepositoryConfigurationDelegate - Bootstrapping Spring Data JPA repositories in DEFAULT mode.
2022-05-28 12:55:09.723 [main] INFO  o.s.d.r.config.RepositoryConfigurationDelegate - Finished Spring Data repository scanning in 38ms. Found 1 JPA repository interfaces.
2022-05-28 12:55:10.065 [main] INFO  o.s.boot.web.embedded.tomcat.TomcatWebServer - Tomcat initialized with port(s): 8080 (http)
2022-05-28 12:55:10.071 [main] INFO  org.apache.coyote.http11.Http11NioProtocol - Initializing ProtocolHandler ["http-nio-8080"]
2022-05-28 12:55:10.072 [main] INFO  org.apache.catalina.core.StandardService - Starting service [Tomcat]
2022-05-28 12:55:10.072 [main] INFO  org.apache.catalina.core.StandardEngine - Starting Servlet engine: [Apache Tomcat/9.0.41]
2022-05-28 12:55:10.164 [main] INFO  o.a.c.core.ContainerBase.[Tomcat].[localhost].[/] - Initializing Spring embedded WebApplicationContext
2022-05-28 12:55:10.164 [main] INFO  o.s.b.w.s.c.ServletWebServerApplicationContext - Root WebApplicationContext: initialization completed in 907 ms
2022-05-28 12:55:10.272 [main] INFO  com.zaxxer.hikari.HikariDataSource - HikariPool-1 - Starting...
2022-05-28 12:55:10.905 [main] INFO  com.zaxxer.hikari.HikariDataSource - HikariPool-1 - Start completed.
2022-05-28 12:55:10.936 [main] INFO  org.hibernate.jpa.internal.util.LogHelper - HHH000204: Processing PersistenceUnitInfo [name: default]
2022-05-28 12:55:10.968 [main] INFO  org.hibernate.Version - HHH000412: Hibernate ORM core version 5.4.25.Final
2022-05-28 12:55:11.056 [main] INFO  org.hibernate.annotations.common.Version - HCANN000001: Hibernate Commons Annotations {5.1.2.Final}
2022-05-28 12:55:11.152 [main] INFO  org.hibernate.dialect.Dialect - HHH000400: Using dialect: org.hibernate.dialect.MySQL57Dialect
2022-05-28 12:55:11.522 [main] INFO  o.h.e.t.jta.platform.internal.JtaPlatformInitiator - HHH000490: Using JtaPlatform implementation: [org.hibernate.engine.transaction.jta.platform.internal.NoJtaPlatform]
2022-05-28 12:55:11.529 [main] INFO  o.s.orm.jpa.LocalContainerEntityManagerFactoryBean - Initialized JPA EntityManagerFactory for persistence unit 'default'
2022-05-28 12:55:11.792 [main] WARN  o.s.b.a.o.j.JpaBaseConfiguration$JpaWebConfiguration - spring.jpa.open-in-view is enabled by default. Therefore, database queries may be performed during view rendering. Explicitly configure spring.jpa.open-in-view to disable this warning
2022-05-28 12:55:11.874 [main] INFO  o.s.scheduling.concurrent.ThreadPoolTaskExecutor - Initializing ExecutorService 'applicationTaskExecutor'
2022-05-28 12:55:12.012 [main] INFO  org.apache.coyote.http11.Http11NioProtocol - Starting ProtocolHandler ["http-nio-8080"]
2022-05-28 12:55:12.027 [main] INFO  o.s.boot.web.embedded.tomcat.TomcatWebServer - Tomcat started on port(s): 8080 (http) with context path ''
2022-05-28 12:55:12.034 [main] INFO  com.msb.system.TrafficSystemApplication - Started TrafficSystemApplication in 3.207 seconds (JVM running for 4.064)
2022-05-28 12:55:20.679 [http-nio-8080-exec-1] INFO  o.a.c.core.ContainerBase.[Tomcat].[localhost].[/] - Initializing Spring DispatcherServlet 'dispatcherServlet'
2022-05-28 12:55:20.679 [http-nio-8080-exec-1] INFO  org.springframework.web.servlet.DispatcherServlet - Initializing Servlet 'dispatcherServlet'
2022-05-28 12:55:20.684 [http-nio-8080-exec-1] INFO  org.springframework.web.servlet.DispatcherServlet - Completed initialization in 5 ms
2022-05-28 12:55:20.711 [http-nio-8080-exec-1] INFO  com.msb.system.web.UserController - system user delUser start...
2022-05-28 12:55:20.712 [http-nio-8080-exec-1] INFO  com.msb.system.web.UserController - system user delUser serviceImpl start...
2022-05-28 12:55:20.712 [http-nio-8080-exec-1] INFO  com.msb.system.service.impl.UserServiceImpl - system user delUser Service is Start...
2022-05-28 12:55:20.712 [http-nio-8080-exec-1] INFO  com.msb.system.service.impl.UserServiceImpl - system user service addUser more than one people
2022-05-28 12:55:20.761 [http-nio-8080-exec-1] INFO  com.msb.system.service.impl.UserServiceImpl - system user service addUser success
2022-05-28 12:55:20.761 [http-nio-8080-exec-1] INFO  com.msb.system.web.UserController - system user delUser UserService end: true
2022-05-28 12:55:20.761 [http-nio-8080-exec-1] INFO  com.msb.system.web.UserController - system user delUser success
2022-05-28 12:55:20.761 [http-nio-8080-exec-1] INFO  com.msb.system.web.UserController - system user delUser end...
2022-05-28 12:56:19.647 [SpringContextShutdownHook] INFO  o.s.scheduling.concurrent.ThreadPoolTaskExecutor - Shutting down ExecutorService 'applicationTaskExecutor'
2022-05-28 12:56:19.647 [SpringContextShutdownHook] INFO  o.s.orm.jpa.LocalContainerEntityManagerFactoryBean - Closing JPA EntityManagerFactory for persistence unit 'default'
2022-05-28 12:56:19.649 [SpringContextShutdownHook] INFO  com.zaxxer.hikari.HikariDataSource - HikariPool-1 - Shutdown initiated...
2022-05-28 12:56:19.654 [SpringContextShutdownHook] INFO  com.zaxxer.hikari.HikariDataSource - HikariPool-1 - Shutdown completed.
