2022-05-29 21:49:21.506 [main] INFO  com.msb.system.TrafficSystemApplication - Starting TrafficSystemApplication on song with PID 49568 (D:\星城货运\traffic-master\traffic-system\target\classes started by o水歌儿 in D:\星城货运\traffic-master)
2022-05-29 21:49:21.509 [main] INFO  com.msb.system.TrafficSystemApplication - The following profiles are active: dev
2022-05-29 21:49:22.077 [main] INFO  o.s.d.r.config.RepositoryConfigurationDelegate - Bootstrapping Spring Data JPA repositories in DEFAULT mode.
2022-05-29 21:49:22.140 [main] INFO  o.s.d.r.config.RepositoryConfigurationDelegate - Finished Spring Data repository scanning in 52ms. Found 1 JPA repository interfaces.
2022-05-29 21:49:22.587 [main] INFO  o.s.boot.web.embedded.tomcat.TomcatWebServer - Tomcat initialized with port(s): 8080 (http)
2022-05-29 21:49:22.595 [main] INFO  org.apache.coyote.http11.Http11NioProtocol - Initializing ProtocolHandler ["http-nio-8080"]
2022-05-29 21:49:22.596 [main] INFO  org.apache.catalina.core.StandardService - Starting service [Tomcat]
2022-05-29 21:49:22.596 [main] INFO  org.apache.catalina.core.StandardEngine - Starting Servlet engine: [Apache Tomcat/9.0.41]
2022-05-29 21:49:22.699 [main] INFO  o.a.c.core.ContainerBase.[Tomcat].[localhost].[/] - Initializing Spring embedded WebApplicationContext
2022-05-29 21:49:22.699 [main] INFO  o.s.b.w.s.c.ServletWebServerApplicationContext - Root WebApplicationContext: initialization completed in 1147 ms
2022-05-29 21:49:22.834 [main] INFO  com.zaxxer.hikari.HikariDataSource - HikariPool-1 - Starting...
2022-05-29 21:49:23.599 [main] INFO  com.zaxxer.hikari.HikariDataSource - HikariPool-1 - Start completed.
2022-05-29 21:49:23.634 [main] INFO  org.hibernate.jpa.internal.util.LogHelper - HHH000204: Processing PersistenceUnitInfo [name: default]
2022-05-29 21:49:23.684 [main] INFO  org.hibernate.Version - HHH000412: Hibernate ORM core version 5.4.25.Final
2022-05-29 21:49:23.833 [main] INFO  org.hibernate.annotations.common.Version - HCANN000001: Hibernate Commons Annotations {5.1.2.Final}
2022-05-29 21:49:23.950 [main] INFO  org.hibernate.dialect.Dialect - HHH000400: Using dialect: org.hibernate.dialect.MySQL57Dialect
2022-05-29 21:49:24.417 [main] INFO  o.h.e.t.jta.platform.internal.JtaPlatformInitiator - HHH000490: Using JtaPlatform implementation: [org.hibernate.engine.transaction.jta.platform.internal.NoJtaPlatform]
2022-05-29 21:49:24.425 [main] INFO  o.s.orm.jpa.LocalContainerEntityManagerFactoryBean - Initialized JPA EntityManagerFactory for persistence unit 'default'
2022-05-29 21:49:24.753 [main] WARN  o.s.b.a.o.j.JpaBaseConfiguration$JpaWebConfiguration - spring.jpa.open-in-view is enabled by default. Therefore, database queries may be performed during view rendering. Explicitly configure spring.jpa.open-in-view to disable this warning
2022-05-29 21:49:24.850 [main] INFO  o.s.scheduling.concurrent.ThreadPoolTaskExecutor - Initializing ExecutorService 'applicationTaskExecutor'
2022-05-29 21:49:25.000 [main] INFO  org.apache.coyote.http11.Http11NioProtocol - Starting ProtocolHandler ["http-nio-8080"]
2022-05-29 21:49:25.021 [main] INFO  o.s.boot.web.embedded.tomcat.TomcatWebServer - Tomcat started on port(s): 8080 (http) with context path ''
2022-05-29 21:49:25.029 [main] INFO  com.msb.system.TrafficSystemApplication - Started TrafficSystemApplication in 4.073 seconds (JVM running for 5.236)
2022-05-29 21:51:29.114 [http-nio-8080-exec-1] INFO  o.a.c.core.ContainerBase.[Tomcat].[localhost].[/] - Initializing Spring DispatcherServlet 'dispatcherServlet'
2022-05-29 21:51:29.114 [http-nio-8080-exec-1] INFO  org.springframework.web.servlet.DispatcherServlet - Initializing Servlet 'dispatcherServlet'
2022-05-29 21:51:29.122 [http-nio-8080-exec-1] INFO  org.springframework.web.servlet.DispatcherServlet - Completed initialization in 8 ms
2022-05-29 21:54:21.963 [http-nio-8080-exec-3] INFO  com.msb.system.web.UserController - system user addUser start 
2022-05-29 21:54:21.964 [http-nio-8080-exec-3] INFO  com.msb.system.service.impl.UserServiceImpl - system user Service addUser start
2022-05-29 21:54:22.040 [http-nio-8080-exec-3] INFO  com.msb.system.service.impl.UserServiceImpl - system user service addUser success
2022-05-29 21:54:22.041 [http-nio-8080-exec-3] INFO  com.msb.system.web.UserController - system user addUser end, return : com.msb.api.commons.ResponseResult@31ea141f
2022-05-29 21:55:58.451 [http-nio-8080-exec-6] INFO  com.msb.system.web.UserController - system user updUser start...
2022-05-29 21:55:58.451 [http-nio-8080-exec-6] INFO  com.msb.system.web.UserController - system user updUser uid is null
2022-05-29 21:55:58.452 [http-nio-8080-exec-6] INFO  com.msb.system.web.UserController - system user updUser  uid return msg : com.msb.api.commons.ResponseResult@38965350
2022-05-29 21:57:30.139 [http-nio-8080-exec-4] INFO  com.msb.system.web.UserController - system user updUser start...
2022-05-29 21:57:30.140 [http-nio-8080-exec-4] INFO  com.msb.system.web.UserController - system user updUser service start : UserEntity{uid=11, uname='null', uaccount='null', upass='33448023', umail='qq.com@', uphone='15123498784', desc='null', startTime=null, endTime=null}
2022-05-29 21:57:30.140 [http-nio-8080-exec-4] INFO  com.msb.system.service.impl.UserServiceImpl - system service  updUser is start...
2022-05-29 21:57:30.178 [http-nio-8080-exec-4] INFO  com.msb.system.service.impl.UserServiceImpl - system service  updUser is success...
2022-05-29 21:57:30.179 [http-nio-8080-exec-4] INFO  com.msb.system.web.UserController - system user updUser service end : true
2022-05-29 21:57:30.179 [http-nio-8080-exec-4] INFO  com.msb.system.web.UserController - system user updUser end...
2022-05-29 21:57:30.179 [http-nio-8080-exec-4] INFO  com.msb.system.web.UserController - system user getResponseResult , return : com.msb.api.commons.ResponseResult@7486786d
2022-05-29 21:58:33.996 [SpringContextShutdownHook] INFO  o.s.scheduling.concurrent.ThreadPoolTaskExecutor - Shutting down ExecutorService 'applicationTaskExecutor'
2022-05-29 21:58:33.996 [SpringContextShutdownHook] INFO  o.s.orm.jpa.LocalContainerEntityManagerFactoryBean - Closing JPA EntityManagerFactory for persistence unit 'default'
2022-05-29 21:58:33.999 [SpringContextShutdownHook] INFO  com.zaxxer.hikari.HikariDataSource - HikariPool-1 - Shutdown initiated...
2022-05-29 21:58:34.007 [SpringContextShutdownHook] INFO  com.zaxxer.hikari.HikariDataSource - HikariPool-1 - Shutdown completed.
