2022-06-03 23:38:00.058 [main] INFO  com.msb.system.TrafficSystemApplication - Starting TrafficSystemApplication on song with PID 22536 (D:\星城货运\traffic-master\traffic-system\target\classes started by o水歌儿 in D:\星城货运\traffic-master)
2022-06-03 23:38:00.061 [main] INFO  com.msb.system.TrafficSystemApplication - The following profiles are active: dev
2022-06-03 23:38:00.590 [main] INFO  o.s.d.r.config.RepositoryConfigurationDelegate - Bootstrapping Spring Data JPA repositories in DEFAULT mode.
2022-06-03 23:38:00.668 [main] INFO  o.s.d.r.config.RepositoryConfigurationDelegate - Finished Spring Data repository scanning in 66ms. Found 1 JPA repository interfaces.
2022-06-03 23:38:01.109 [main] INFO  o.s.boot.web.embedded.tomcat.TomcatWebServer - Tomcat initialized with port(s): 8080 (http)
2022-06-03 23:38:01.116 [main] INFO  org.apache.coyote.http11.Http11NioProtocol - Initializing ProtocolHandler ["http-nio-8080"]
2022-06-03 23:38:01.117 [main] INFO  org.apache.catalina.core.StandardService - Starting service [Tomcat]
2022-06-03 23:38:01.117 [main] INFO  org.apache.catalina.core.StandardEngine - Starting Servlet engine: [Apache Tomcat/9.0.41]
2022-06-03 23:38:01.226 [main] INFO  o.a.c.core.ContainerBase.[Tomcat].[localhost].[/] - Initializing Spring embedded WebApplicationContext
2022-06-03 23:38:01.226 [main] INFO  o.s.b.w.s.c.ServletWebServerApplicationContext - Root WebApplicationContext: initialization completed in 1119 ms
2022-06-03 23:38:01.388 [main] INFO  com.zaxxer.hikari.HikariDataSource - HikariPool-1 - Starting...
2022-06-03 23:38:02.138 [main] INFO  com.zaxxer.hikari.HikariDataSource - HikariPool-1 - Start completed.
2022-06-03 23:38:02.175 [main] INFO  org.hibernate.jpa.internal.util.LogHelper - HHH000204: Processing PersistenceUnitInfo [name: default]
2022-06-03 23:38:02.225 [main] INFO  org.hibernate.Version - HHH000412: Hibernate ORM core version 5.4.25.Final
2022-06-03 23:38:02.374 [main] INFO  org.hibernate.annotations.common.Version - HCANN000001: Hibernate Commons Annotations {5.1.2.Final}
2022-06-03 23:38:02.489 [main] INFO  org.hibernate.dialect.Dialect - HHH000400: Using dialect: org.hibernate.dialect.MySQL57Dialect
2022-06-03 23:38:02.954 [main] INFO  o.h.e.t.jta.platform.internal.JtaPlatformInitiator - HHH000490: Using JtaPlatform implementation: [org.hibernate.engine.transaction.jta.platform.internal.NoJtaPlatform]
2022-06-03 23:38:02.961 [main] INFO  o.s.orm.jpa.LocalContainerEntityManagerFactoryBean - Initialized JPA EntityManagerFactory for persistence unit 'default'
2022-06-03 23:38:03.349 [main] WARN  o.s.b.a.o.j.JpaBaseConfiguration$JpaWebConfiguration - spring.jpa.open-in-view is enabled by default. Therefore, database queries may be performed during view rendering. Explicitly configure spring.jpa.open-in-view to disable this warning
2022-06-03 23:38:03.465 [main] INFO  o.s.scheduling.concurrent.ThreadPoolTaskExecutor - Initializing ExecutorService 'applicationTaskExecutor'
2022-06-03 23:38:03.621 [main] INFO  org.apache.coyote.http11.Http11NioProtocol - Starting ProtocolHandler ["http-nio-8080"]
2022-06-03 23:38:03.638 [main] INFO  o.s.boot.web.embedded.tomcat.TomcatWebServer - Tomcat started on port(s): 8080 (http) with context path ''
2022-06-03 23:38:03.646 [main] INFO  com.msb.system.TrafficSystemApplication - Started TrafficSystemApplication in 4.065 seconds (JVM running for 5.127)
2022-06-03 23:38:25.547 [http-nio-8080-exec-1] INFO  o.a.c.core.ContainerBase.[Tomcat].[localhost].[/] - Initializing Spring DispatcherServlet 'dispatcherServlet'
2022-06-03 23:38:25.548 [http-nio-8080-exec-1] INFO  org.springframework.web.servlet.DispatcherServlet - Initializing Servlet 'dispatcherServlet'
2022-06-03 23:38:25.555 [http-nio-8080-exec-1] INFO  org.springframework.web.servlet.DispatcherServlet - Completed initialization in 7 ms
2022-06-03 23:38:25.610 [http-nio-8080-exec-1] INFO  com.msb.system.web.UserController - system user addUser start 
2022-06-03 23:38:25.611 [http-nio-8080-exec-1] INFO  com.msb.system.service.impl.UserServiceImpl - system user Service addUser start
2022-06-03 23:38:25.695 [http-nio-8080-exec-1] INFO  com.msb.system.service.impl.UserServiceImpl - system user service addUser success
2022-06-03 23:38:25.695 [http-nio-8080-exec-1] INFO  com.msb.system.web.UserController - system user addUser end, return : com.msb.api.commons.ResponseResult@b342817
2022-06-03 23:40:18.729 [SpringContextShutdownHook] INFO  o.s.scheduling.concurrent.ThreadPoolTaskExecutor - Shutting down ExecutorService 'applicationTaskExecutor'
2022-06-03 23:40:18.730 [SpringContextShutdownHook] INFO  o.s.orm.jpa.LocalContainerEntityManagerFactoryBean - Closing JPA EntityManagerFactory for persistence unit 'default'
2022-06-03 23:40:18.732 [SpringContextShutdownHook] INFO  com.zaxxer.hikari.HikariDataSource - HikariPool-1 - Shutdown initiated...
2022-06-03 23:40:18.737 [SpringContextShutdownHook] INFO  com.zaxxer.hikari.HikariDataSource - HikariPool-1 - Shutdown completed.
